<?xml version="1.0" encoding="UTF-8"?>
<testng-results ignored="0" total="1" passed="1" failed="0" skipped="0">
  <reporter-output>
  </reporter-output>
  <suite started-at="2023-05-16T08:07:36 IST" name="Default suite" finished-at="2023-05-16T08:08:00 IST" duration-ms="23424">
    <groups>
    </groups>
    <test started-at="2023-05-16T08:07:36 IST" name="Default test" finished-at="2023-05-16T08:08:00 IST" duration-ms="23424">
      <class name="Assignment.Amazon">
        <test-method signature="regAmazon()[pri:0, instance:Assignment.Amazon@193f604a]" started-at="2023-05-16T08:07:36 IST" name="regAmazon" finished-at="2023-05-16T08:08:00 IST" duration-ms="23305" status="PASS">
          <reporter-output>
          </reporter-output>
        </test-method> <!-- regAmazon -->
      </class> <!-- Assignment.Amazon -->
    </test> <!-- Default test -->
  </suite> <!-- Default suite -->
</testng-results>
